Contents of file AlertTest.log
[2024-01-23T18:47:40,207][INFO ][main] =========================== Execution started : AlertTest===========================
[2024-01-23T18:47:44,718][INFO ][main] main : ShareData.Browser.ChromeBrowserService : openBrowser ==>  The browser was opened with success
[2024-01-23T18:47:44,991][INFO ][main] main : Pages.HomePage : clickAlertWindow ==>  The user clicks on alertsframewindow button
[2024-01-23T18:47:45,609][INFO ][main] main : Pages.AlertFrameWindow.AlertFrameWindowPage : clickAlerts ==>  The user clicks on alerts button
[2024-01-23T18:47:45,803][INFO ][main] main : Pages.AlertFrameWindow.AlertPage : interractAlertOK ==>  The user clicks on alertaOkButton
[2024-01-23T18:47:45,829][INFO ][main] main : Pages.AlertFrameWindow.AlertPage : interractAlertOK ==>  The user clicks on acceptAlert
[2024-01-23T18:47:46,057][INFO ][main] main : Pages.AlertFrameWindow.AlertPage : interractAlertDelay ==>  The user clicks on alertDelayButton
[2024-01-23T18:47:51,282][INFO ][main] main : Pages.AlertFrameWindow.AlertPage : interractAlertDelay ==>  The user clicks on acceptAlert
[2024-01-23T18:47:51,464][INFO ][main] main : Pages.AlertFrameWindow.AlertPage : interractAlertDismiss ==>  The user clicks on confirmButton
[2024-01-23T18:47:51,503][INFO ][main] main : Pages.AlertFrameWindow.AlertPage : interractAlertDismiss ==>  The user clicks on cancelAlert
[2024-01-23T18:47:51,700][INFO ][main] main : Pages.AlertFrameWindow.AlertPage : interractAlertValue ==>  The user clicks on promtButton
[2024-01-23T18:47:51,749][INFO ][main] main : Pages.AlertFrameWindow.AlertPage : interractAlertValue ==>  The user writes a message and clicks Ok button
[2024-01-23T18:47:52,093][INFO ][main] main : ShareData.ShareData : clear ==>  The browser was closed with succes
[2024-01-23T18:47:52,098][INFO ][main] =========================== Execution finished : AlertTest===========================
Contents of file FormTableTest.log
[2024-01-23T18:47:18,594][INFO ][main] =========================== Execution started : FormTableTest===========================
[2024-01-23T18:47:27,037][INFO ][main] main : ShareData.Browser.ChromeBrowserService : openBrowser ==>  The browser was opened with success
[2024-01-23T18:47:27,259][INFO ][main] main : Pages.HomePage : clickForms ==>  The user clicks on Forms button
[2024-01-23T18:47:27,663][INFO ][main] main : Pages.Forms.FormsPage : clickPracticeForm ==>  The user clicks on practiceElement button
[2024-01-23T18:47:28,090][INFO ][main] main : Pages.Forms.PracticeFormsPage : fillFirstName ==>  The user fills FirstName with value : Anca
[2024-01-23T18:47:28,240][INFO ][main] main : Pages.Forms.PracticeFormsPage : fillLastName ==>  The user fills LastName with value : Ghr
[2024-01-23T18:47:28,444][INFO ][main] main : Pages.Forms.PracticeFormsPage : fillemail ==>  The user fills email with value : anca@example.com
[2024-01-23T18:47:28,596][INFO ][main] main : Pages.Forms.PracticeFormsPage : fillgender ==>  The user fills gender with value : [[ChromeDriver: chrome on windows (5fcbfd0af2edcb6792813504dde81565)] -> xpath: //label[@for='gender-radio-2']]
[2024-01-23T18:47:28,773][INFO ][main] main : Pages.Forms.PracticeFormsPage : fillmobile ==>  The user fills mobile with value : 0720100200
[2024-01-23T18:47:29,070][INFO ][main] main : Pages.Forms.PracticeFormsPage : fillsubjects ==>  The user fills subjects with value: English
[2024-01-23T18:47:29,254][INFO ][main] main : Pages.Forms.PracticeFormsPage : fillhobbies ==>  The user fills hobby with value : [[ChromeDriver: chrome on windows (5fcbfd0af2edcb6792813504dde81565)] -> xpath: //label[@for='hobbies-checkbox-2']]
[2024-01-23T18:47:29,501][INFO ][main] main : Pages.Forms.PracticeFormsPage : filladdress ==>  The user fills adress with value : [[ChromeDriver: chrome on windows (5fcbfd0af2edcb6792813504dde81565)] -> id: currentAddress]
[2024-01-23T18:47:29,520][INFO ][main] main : Pages.Forms.PracticeFormsPage : fillstate ==>  The user scrolls down the page 
[2024-01-23T18:47:29,565][INFO ][main] main : Pages.Forms.PracticeFormsPage : fillstate ==>  The user click on state button
[2024-01-23T18:47:29,880][INFO ][main] main : Pages.Forms.PracticeFormsPage : fillstate ==>  The user selects the state NCR
[2024-01-23T18:47:29,916][INFO ][main] main : Pages.Forms.PracticeFormsPage : fillcity ==>  The user click on city
[2024-01-23T18:47:30,186][INFO ][main] main : Pages.Forms.PracticeFormsPage : fillcity ==>  The user selects the city: Delhi
[2024-01-23T18:47:30,296][INFO ][main] main : Pages.Forms.PracticeFormsPage : fillsubmit ==>  The user clicks on submit button: 
[2024-01-23T18:47:30,488][INFO ][main] main : Pages.Forms.PracticeFormsPage : clickClose ==>  The user clicks on close button: 
[2024-01-23T18:47:30,790][INFO ][main] main : ShareData.ShareData : clear ==>  The browser was closed with succes
[2024-01-23T18:47:30,791][INFO ][main] =========================== Execution finished : FormTableTest===========================
Contents of file FrameTest.log
[2024-02-03T22:22:11,786][INFO ][main] =========================== Execution started : FrameTest===========================
[2024-02-03T22:22:15,883][INFO ][main] main : ShareData.Browser.ChromeBrowserService : openBrowser ==>  The browser was opened with success
[2024-02-03T22:22:17,107][ERROR][main] main : ShareData.Hooks : clearEnvironment ==>  element click intercepted: Element <h5>...</h5> is not clickable at point (921, 227). Other element would receive the click: <div class="fc-header fc-dialog-restricted-content">...</div>
  (Session info: chrome=121.0.6167.140)
Build info: version: '4.16.1', revision: '9b4c83354e'
System info: os.name: 'Windows 11', os.arch: 'amd64', os.version: '10.0', java.version: '11.0.22'
Driver info: org.openqa.selenium.chrome.ChromeDriver
Command: [8c3cafcc5291e76ea682c717be04bbae, clickElement {id=D9134C199C194F364EE934825A3DF9AF_element_21}]
Capabilities {acceptInsecureCerts: false, browserName: chrome, browserVersion: 121.0.6167.140, chrome: {chromedriverVersion: 121.0.6167.85 (3f98d690ad7e..., userDataDir: C:\Users\Anca\AppData\Local...}, fedcm:accounts: true, goog:chromeOptions: {debuggerAddress: localhost:2074}, networkConnectionEnabled: false, pageLoadStrategy: normal, platformName: windows, proxy: Proxy(), se:cdp: ws://localhost:2074/devtool..., se:cdpVersion: 121.0.6167.140, setWindowRect: true, strictFileInteractability: false, timeouts: {implicit: 0, pageLoad: 300000, script: 30000}, unhandledPromptBehavior: dismiss and notify, webauthn:extension:credBlob: true, webauthn:extension:largeBlob: true, webauthn:extension:minPinLength: true, webauthn:extension:prf: true, webauthn:virtualAuthenticators: true}
Element: [[ChromeDriver: chrome on windows (8c3cafcc5291e76ea682c717be04bbae)] -> xpath: //h5[text()='Alerts, Frame & Windows']]
Session ID: 8c3cafcc5291e76ea682c717be04bbae
[2024-02-03T22:22:17,108][INFO ][main] =========================== Test failed: ===========================
Contents of file WebTableTest.log
[2024-02-03T21:07:54,663][INFO ][main] =========================== Execution started : WebTableTest===========================
[2024-02-03T21:07:57,990][INFO ][main] main : ShareData.Browser.ChromeBrowserService : openBrowser ==>  The browser was opened with success
[2024-02-03T21:07:59,185][ERROR][main] main : ShareData.Hooks : clearEnvironment ==>  element click intercepted: Element <h5>...</h5> is not clickable at point (190, 227). Other element would receive the click: <div class="fc-dialog-overlay"></div>
  (Session info: chrome=121.0.6167.140)
Build info: version: '4.16.1', revision: '9b4c83354e'
System info: os.name: 'Windows 11', os.arch: 'amd64', os.version: '10.0', java.version: '11.0.22'
Driver info: org.openqa.selenium.chrome.ChromeDriver
Command: [f4159097a7610058dad1641fb8ccae11, clickElement {id=7C683714C1E890DAD624FACDBEBDF444_element_337}]
Capabilities {acceptInsecureCerts: false, browserName: chrome, browserVersion: 121.0.6167.140, chrome: {chromedriverVersion: 121.0.6167.85 (3f98d690ad7e..., userDataDir: C:\Users\Anca\AppData\Local...}, fedcm:accounts: true, goog:chromeOptions: {debuggerAddress: localhost:11613}, networkConnectionEnabled: false, pageLoadStrategy: normal, platformName: windows, proxy: Proxy(), se:cdp: ws://localhost:11613/devtoo..., se:cdpVersion: 121.0.6167.140, setWindowRect: true, strictFileInteractability: false, timeouts: {implicit: 0, pageLoad: 300000, script: 30000}, unhandledPromptBehavior: dismiss and notify, webauthn:extension:credBlob: true, webauthn:extension:largeBlob: true, webauthn:extension:minPinLength: true, webauthn:extension:prf: true, webauthn:virtualAuthenticators: true}
Element: [[ChromeDriver: chrome on windows (f4159097a7610058dad1641fb8ccae11)] -> xpath: //h5[text()='Elements']]
Session ID: f4159097a7610058dad1641fb8ccae11
[2024-02-03T21:07:59,186][INFO ][main] =========================== Test failed: ===========================
Contents of file WindowTest.log
[2024-01-23T18:46:28,130][INFO ][main] =========================== Execution started : WindowTest===========================
[2024-01-23T18:46:32,003][INFO ][main] main : ShareData.Browser.ChromeBrowserService : openBrowser ==>  The browser was opened with success
[2024-01-23T18:46:32,494][INFO ][main] main : Pages.HomePage : clickAlertWindow ==>  The user clicks on alertsframewindow button
[2024-01-23T18:46:32,706][INFO ][main] main : Pages.AlertFrameWindow.AlertFrameWindowPage : clickWindows ==>  The user clicks on browserWindows button
[2024-01-23T18:46:33,447][INFO ][main] main : Pages.AlertFrameWindow.WindowsPage : interractTab ==>  The user clicks on interractTab button
[2024-01-23T18:46:33,546][INFO ][main] main : Pages.AlertFrameWindow.WindowsPage : interractTab ==>  The user switches to a new tab
[2024-01-23T18:46:33,630][INFO ][main] main : Pages.AlertFrameWindow.WindowsPage : interractTab ==>  The user closes the current tab
[2024-01-23T18:46:33,701][INFO ][main] main : Pages.AlertFrameWindow.WindowsPage : interractTab ==>  The user switches back to the main tab
[2024-01-23T18:46:33,985][INFO ][main] main : Pages.AlertFrameWindow.WindowsPage : interractWindow ==>  The user clicks on interractWindow button
[2024-01-23T18:46:34,073][INFO ][main] main : Pages.AlertFrameWindow.WindowsPage : interractWindow ==>  The user switches to a new window
[2024-01-23T18:46:34,167][INFO ][main] main : Pages.AlertFrameWindow.WindowsPage : interractWindow ==>  The user closes the current window
[2024-01-23T18:46:34,223][INFO ][main] main : Pages.AlertFrameWindow.WindowsPage : interractWindow ==>  The user switches back tot the main window
[2024-01-23T18:46:34,532][INFO ][main] main : ShareData.ShareData : clear ==>  The browser was closed with succes
[2024-01-23T18:46:34,534][INFO ][main] =========================== Execution finished : WindowTest===========================
